{"C:\\Users\\DELL\\Documents\\Persiapan Proyek 3\\Backend-DigiSign\\src\\controllers\\signatureController.js": {"path":"C:\\Users\\DELL\\Documents\\Persiapan Proyek 3\\Backend-DigiSign\\src\\controllers\\signatureController.js","statementMap":{"0":{"start":{"line":7,"column":41},"end":{"line":67,"column":1}},"1":{"start":{"line":8,"column":4},"end":{"line":66,"column":6}},"2":{"start":{"line":13,"column":12},"end":{"line":40,"column":13}},"3":{"start":{"line":14,"column":43},"end":{"line":14,"column":53}},"4":{"start":{"line":15,"column":35},"end":{"line":15,"column":43}},"5":{"start":{"line":16,"column":63},"end":{"line":16,"column":71}},"6":{"start":{"line":18,"column":16},"end":{"line":22,"column":17}},"7":{"start":{"line":19,"column":20},"end":{"line":21,"column":23}},"8":{"start":{"line":24,"column":31},"end":{"line":28,"column":18}},"9":{"start":{"line":30,"column":16},"end":{"line":33,"column":19}},"10":{"start":{"line":35,"column":16},"end":{"line":35,"column":79}},"11":{"start":{"line":36,"column":16},"end":{"line":39,"column":19}},"12":{"start":{"line":47,"column":12},"end":{"line":64,"column":13}},"13":{"start":{"line":48,"column":42},"end":{"line":48,"column":51}},"14":{"start":{"line":50,"column":16},"end":{"line":54,"column":17}},"15":{"start":{"line":51,"column":20},"end":{"line":53,"column":23}},"16":{"start":{"line":56,"column":31},"end":{"line":56,"column":84}},"17":{"start":{"line":57,"column":16},"end":{"line":57,"column":45}},"18":{"start":{"line":59,"column":16},"end":{"line":59,"column":82}},"19":{"start":{"line":60,"column":16},"end":{"line":63,"column":19}}},"fnMap":{"0":{"name":"(anonymous_0)","decl":{"start":{"line":7,"column":41},"end":{"line":7,"column":42}},"loc":{"start":{"line":7,"column":63},"end":{"line":67,"column":1}},"line":7},"1":{"name":"(anonymous_1)","decl":{"start":{"line":12,"column":28},"end":{"line":12,"column":29}},"loc":{"start":{"line":12,"column":48},"end":{"line":41,"column":9}},"line":12},"2":{"name":"(anonymous_2)","decl":{"start":{"line":46,"column":31},"end":{"line":46,"column":32}},"loc":{"start":{"line":46,"column":51},"end":{"line":65,"column":9}},"line":46}},"branchMap":{"0":{"loc":{"start":{"line":18,"column":16},"end":{"line":22,"column":17}},"type":"if","locations":[{"start":{"line":18,"column":16},"end":{"line":22,"column":17}},{"start":{},"end":{}}],"line":18},"1":{"loc":{"start":{"line":18,"column":20},"end":{"line":18,"column":42}},"type":"binary-expr","locations":[{"start":{"line":18,"column":20},"end":{"line":18,"column":27}},{"start":{"line":18,"column":31},"end":{"line":18,"column":42}}],"line":18},"2":{"loc":{"start":{"line":50,"column":16},"end":{"line":54,"column":17}},"type":"if","locations":[{"start":{"line":50,"column":16},"end":{"line":54,"column":17}},{"start":{},"end":{}}],"line":50},"3":{"loc":{"start":{"line":50,"column":20},"end":{"line":50,"column":37}},"type":"binary-expr","locations":[{"start":{"line":50,"column":20},"end":{"line":50,"column":26}},{"start":{"line":50,"column":30},"end":{"line":50,"column":37}}],"line":50}},"s":{"0":1,"1":1,"2":3,"3":3,"4":3,"5":3,"6":3,"7":1,"8":2,"9":1,"10":1,"11":1,"12":3,"13":3,"14":3,"15":1,"16":2,"17":1,"18":1,"19":1},"f":{"0":1,"1":3,"2":3},"b":{"0":[1,2],"1":[3,3],"2":[1,2],"3":[3,3]},"_coverageSchema":"1a1c01bbd47fc00a2c39e90264f33305004495a9","hash":"2835f9b6d81f5f7f0e57fa45f1c33cd741792d8e"}
,"C:\\Users\\DELL\\Documents\\Persiapan Proyek 3\\Backend-DigiSign\\src\\services\\signatureService.js": {"path":"C:\\Users\\DELL\\Documents\\Persiapan Proyek 3\\Backend-DigiSign\\src\\services\\signatureService.js","statementMap":{"0":{"start":{"line":16,"column":8},"end":{"line":18,"column":9}},"1":{"start":{"line":17,"column":12},"end":{"line":17,"column":86}},"2":{"start":{"line":19,"column":8},"end":{"line":19,"column":55}},"3":{"start":{"line":20,"column":8},"end":{"line":20,"column":39}},"4":{"start":{"line":30,"column":55},"end":{"line":30,"column":62}},"5":{"start":{"line":31,"column":8},"end":{"line":33,"column":9}},"6":{"start":{"line":32,"column":12},"end":{"line":32,"column":77}},"7":{"start":{"line":36,"column":25},"end":{"line":36,"column":83}},"8":{"start":{"line":37,"column":8},"end":{"line":37,"column":67}},"9":{"start":{"line":37,"column":23},"end":{"line":37,"column":67}},"10":{"start":{"line":39,"column":25},"end":{"line":39,"column":79}},"11":{"start":{"line":42,"column":8},"end":{"line":48,"column":9}},"12":{"start":{"line":43,"column":12},"end":{"line":43,"column":33}},"13":{"start":{"line":44,"column":15},"end":{"line":48,"column":9}},"14":{"start":{"line":45,"column":12},"end":{"line":45,"column":66}},"15":{"start":{"line":47,"column":12},"end":{"line":47,"column":70}},"16":{"start":{"line":51,"column":8},"end":{"line":55,"column":9}},"17":{"start":{"line":52,"column":12},"end":{"line":52,"column":55}},"18":{"start":{"line":54,"column":12},"end":{"line":54,"column":51}},"19":{"start":{"line":58,"column":31},"end":{"line":58,"column":35}},"20":{"start":{"line":60,"column":8},"end":{"line":80,"column":9}},"21":{"start":{"line":61,"column":12},"end":{"line":63,"column":13}},"22":{"start":{"line":62,"column":16},"end":{"line":62,"column":71}},"23":{"start":{"line":64,"column":29},"end":{"line":67,"column":13}},"24":{"start":{"line":68,"column":12},"end":{"line":68,"column":60}},"25":{"start":{"line":69,"column":15},"end":{"line":80,"column":9}},"26":{"start":{"line":70,"column":12},"end":{"line":70,"column":71}},"27":{"start":{"line":71,"column":36},"end":{"line":71,"column":85}},"28":{"start":{"line":72,"column":32},"end":{"line":72,"column":71}},"29":{"start":{"line":73,"column":33},"end":{"line":76,"column":13}},"30":{"start":{"line":77,"column":12},"end":{"line":77,"column":64}},"31":{"start":{"line":79,"column":12},"end":{"line":79,"column":51}},"32":{"start":{"line":83,"column":8},"end":{"line":88,"column":9}},"33":{"start":{"line":84,"column":50},"end":{"line":84,"column":51}},"34":{"start":{"line":85,"column":28},"end":{"line":85,"column":52}},"35":{"start":{"line":86,"column":26},"end":{"line":86,"column":63}},"36":{"start":{"line":87,"column":12},"end":{"line":87,"column":77}},"37":{"start":{"line":91,"column":31},"end":{"line":91,"column":50}},"38":{"start":{"line":94,"column":26},"end":{"line":94,"column":68}},"39":{"start":{"line":95,"column":31},"end":{"line":95,"column":87}},"40":{"start":{"line":98,"column":8},"end":{"line":98,"column":93}},"41":{"start":{"line":101,"column":32},"end":{"line":104,"column":10}},"42":{"start":{"line":106,"column":8},"end":{"line":106,"column":31}},"43":{"start":{"line":116,"column":26},"end":{"line":116,"column":96}},"44":{"start":{"line":118,"column":8},"end":{"line":120,"column":9}},"45":{"start":{"line":119,"column":12},"end":{"line":119,"column":94}},"46":{"start":{"line":122,"column":8},"end":{"line":131,"column":10}}},"fnMap":{"0":{"name":"(anonymous_0)","decl":{"start":{"line":15,"column":4},"end":{"line":15,"column":5}},"loc":{"start":{"line":15,"column":50},"end":{"line":21,"column":5}},"line":15},"1":{"name":"(anonymous_1)","decl":{"start":{"line":29,"column":4},"end":{"line":29,"column":5}},"loc":{"start":{"line":29,"column":52},"end":{"line":107,"column":5}},"line":29},"2":{"name":"(anonymous_2)","decl":{"start":{"line":115,"column":4},"end":{"line":115,"column":5}},"loc":{"start":{"line":115,"column":46},"end":{"line":132,"column":5}},"line":115}},"branchMap":{"0":{"loc":{"start":{"line":16,"column":8},"end":{"line":18,"column":9}},"type":"if","locations":[{"start":{"line":16,"column":8},"end":{"line":18,"column":9}},{"start":{},"end":{}}],"line":16},"1":{"loc":{"start":{"line":16,"column":12},"end":{"line":16,"column":48}},"type":"binary-expr","locations":[{"start":{"line":16,"column":12},"end":{"line":16,"column":32}},{"start":{"line":16,"column":36},"end":{"line":16,"column":48}}],"line":16},"2":{"loc":{"start":{"line":31,"column":8},"end":{"line":33,"column":9}},"type":"if","locations":[{"start":{"line":31,"column":8},"end":{"line":33,"column":9}},{"start":{},"end":{}}],"line":31},"3":{"loc":{"start":{"line":31,"column":12},"end":{"line":31,"column":50}},"type":"binary-expr","locations":[{"start":{"line":31,"column":12},"end":{"line":31,"column":23}},{"start":{"line":31,"column":27},"end":{"line":31,"column":50}}],"line":31},"4":{"loc":{"start":{"line":37,"column":8},"end":{"line":37,"column":67}},"type":"if","locations":[{"start":{"line":37,"column":8},"end":{"line":37,"column":67}},{"start":{},"end":{}}],"line":37},"5":{"loc":{"start":{"line":42,"column":8},"end":{"line":48,"column":9}},"type":"if","locations":[{"start":{"line":42,"column":8},"end":{"line":48,"column":9}},{"start":{"line":44,"column":15},"end":{"line":48,"column":9}}],"line":42},"6":{"loc":{"start":{"line":44,"column":15},"end":{"line":48,"column":9}},"type":"if","locations":[{"start":{"line":44,"column":15},"end":{"line":48,"column":9}},{"start":{"line":46,"column":15},"end":{"line":48,"column":9}}],"line":44},"7":{"loc":{"start":{"line":60,"column":8},"end":{"line":80,"column":9}},"type":"if","locations":[{"start":{"line":60,"column":8},"end":{"line":80,"column":9}},{"start":{"line":69,"column":15},"end":{"line":80,"column":9}}],"line":60},"8":{"loc":{"start":{"line":61,"column":12},"end":{"line":63,"column":13}},"type":"if","locations":[{"start":{"line":61,"column":12},"end":{"line":63,"column":13}},{"start":{},"end":{}}],"line":61},"9":{"loc":{"start":{"line":69,"column":15},"end":{"line":80,"column":9}},"type":"if","locations":[{"start":{"line":69,"column":15},"end":{"line":80,"column":9}},{"start":{"line":78,"column":15},"end":{"line":80,"column":9}}],"line":69},"10":{"loc":{"start":{"line":118,"column":8},"end":{"line":120,"column":9}},"type":"if","locations":[{"start":{"line":118,"column":8},"end":{"line":120,"column":9}},{"start":{},"end":{}}],"line":118}},"s":{"0":9,"1":0,"2":9,"3":9,"4":7,"5":7,"6":1,"7":6,"8":6,"9":1,"10":5,"11":5,"12":5,"13":0,"14":0,"15":0,"16":5,"17":5,"18":1,"19":4,"20":4,"21":2,"22":1,"23":1,"24":1,"25":2,"26":1,"27":1,"28":1,"29":1,"30":1,"31":1,"32":2,"33":2,"34":2,"35":2,"36":2,"37":2,"38":2,"39":2,"40":2,"41":2,"42":2,"43":2,"44":2,"45":1,"46":1},"f":{"0":9,"1":7,"2":2},"b":{"0":[0,9],"1":[9,9],"2":[1,6],"3":[7,7],"4":[1,5],"5":[5,0],"6":[0,0],"7":[2,2],"8":[1,1],"9":[1,1],"10":[1,1]},"_coverageSchema":"1a1c01bbd47fc00a2c39e90264f33305004495a9","hash":"70ee6d0551a598f9c77d541359cf8b1fd74fc798"}
}
