TN:
SF:src\controllers\signatureController.js
FN:7,(anonymous_0)
FN:12,(anonymous_1)
FN:46,(anonymous_2)
FNF:3
FNH:3
FNDA:1,(anonymous_0)
FNDA:3,(anonymous_1)
FNDA:3,(anonymous_2)
DA:7,1
DA:8,1
DA:13,3
DA:14,3
DA:15,3
DA:16,3
DA:18,3
DA:19,1
DA:24,2
DA:30,1
DA:35,1
DA:36,1
DA:47,3
DA:48,3
DA:50,3
DA:51,1
DA:56,2
DA:57,1
DA:59,1
DA:60,1
LF:20
LH:20
BRDA:18,0,0,1
BRDA:18,0,1,2
BRDA:18,1,0,3
BRDA:18,1,1,3
BRDA:50,2,0,1
BRDA:50,2,1,2
BRDA:50,3,0,3
BRDA:50,3,1,3
BRF:8
BRH:8
end_of_record
TN:
SF:src\services\signatureService.js
FN:15,(anonymous_0)
FN:29,(anonymous_1)
FN:115,(anonymous_2)
FNF:3
FNH:3
FNDA:9,(anonymous_0)
FNDA:7,(anonymous_1)
FNDA:2,(anonymous_2)
DA:16,9
DA:17,0
DA:19,9
DA:20,9
DA:30,7
DA:31,7
DA:32,1
DA:36,6
DA:37,6
DA:39,5
DA:42,5
DA:43,5
DA:44,0
DA:45,0
DA:47,0
DA:51,5
DA:52,5
DA:54,1
DA:58,4
DA:60,4
DA:61,2
DA:62,1
DA:64,1
DA:68,1
DA:69,2
DA:70,1
DA:71,1
DA:72,1
DA:73,1
DA:77,1
DA:79,1
DA:83,2
DA:84,2
DA:85,2
DA:86,2
DA:87,2
DA:91,2
DA:94,2
DA:95,2
DA:98,2
DA:101,2
DA:106,2
DA:116,2
DA:118,2
DA:119,1
DA:122,1
LF:46
LH:42
BRDA:16,0,0,0
BRDA:16,0,1,9
BRDA:16,1,0,9
BRDA:16,1,1,9
BRDA:31,2,0,1
BRDA:31,2,1,6
BRDA:31,3,0,7
BRDA:31,3,1,7
BRDA:37,4,0,1
BRDA:37,4,1,5
BRDA:42,5,0,5
BRDA:42,5,1,0
BRDA:44,6,0,0
BRDA:44,6,1,0
BRDA:60,7,0,2
BRDA:60,7,1,2
BRDA:61,8,0,1
BRDA:61,8,1,1
BRDA:69,9,0,1
BRDA:69,9,1,1
BRDA:118,10,0,1
BRDA:118,10,1,1
BRF:22
BRH:18
end_of_record
